<?xml version="1.0" encoding="UTF-8"?>
<coverage generated="1668531745059" clover="3.2.0">
  <project timestamp="1668531745059" name="All files">
    <metrics statements="23" coveredstatements="14" conditionals="0" coveredconditionals="0" methods="2" coveredmethods="1" elements="25" coveredelements="15" complexity="0" loc="23" ncloc="23" packages="5" files="8" classes="8"/>
    <package name="src">
      <metrics statements="9" coveredstatements="0" conditionals="0" coveredconditionals="0" methods="1" coveredmethods="0"/>
      <file name="App.tsx" path="/home/luis/projects/udemy-completed-course-reactjs-01/src/App.tsx">
        <metrics statements="3" coveredstatements="0" conditionals="0" coveredconditionals="0" methods="1" coveredmethods="0"/>
        <line num="1" count="0" type="stmt"/>
        <line num="3" count="0" type="stmt"/>
        <line num="4" count="0" type="stmt"/>
      </file>
      <file name="main.tsx" path="/home/luis/projects/udemy-completed-course-reactjs-01/src/main.tsx">
        <metrics statements="6" coveredstatements="0" conditionals="0" coveredconditionals="0" methods="0" coveredmethods="0"/>
        <line num="1" count="0" type="stmt"/>
        <line num="2" count="0" type="stmt"/>
        <line num="4" count="0" type="stmt"/>
        <line num="6" count="0" type="stmt"/>
        <line num="8" count="0" type="stmt"/>
        <line num="10" count="0" type="stmt"/>
      </file>
    </package>
    <package name="src.components.Button">
      <metrics statements="2" coveredstatements="2" conditionals="0" coveredconditionals="0" methods="0" coveredmethods="0"/>
      <file name="index.ts" path="/home/luis/projects/udemy-completed-course-reactjs-01/src/components/Button/index.ts">
        <metrics statements="2" coveredstatements="2" conditionals="0" coveredconditionals="0" methods="0" coveredmethods="0"/>
        <line num="1" count="1" type="stmt"/>
        <line num="3" count="1" type="stmt"/>
      </file>
    </package>
    <package name="src.components.Hero">
      <metrics statements="6" coveredstatements="6" conditionals="0" coveredconditionals="0" methods="1" coveredmethods="1"/>
      <file name="index.tsx" path="/home/luis/projects/udemy-completed-course-reactjs-01/src/components/Hero/index.tsx">
        <metrics statements="4" coveredstatements="4" conditionals="0" coveredconditionals="0" methods="1" coveredmethods="1"/>
        <line num="1" count="1" type="stmt"/>
        <line num="2" count="1" type="stmt"/>
        <line num="9" count="1" type="stmt"/>
        <line num="10" count="2" type="stmt"/>
      </file>
      <file name="styles.ts" path="/home/luis/projects/udemy-completed-course-reactjs-01/src/components/Hero/styles.ts">
        <metrics statements="2" coveredstatements="2" conditionals="0" coveredconditionals="0" methods="0" coveredmethods="0"/>
        <line num="1" count="1" type="stmt"/>
        <line num="3" count="1" type="stmt"/>
      </file>
    </package>
    <package name="src.components.Title">
      <metrics statements="2" coveredstatements="2" conditionals="0" coveredconditionals="0" methods="0" coveredmethods="0"/>
      <file name="index.ts" path="/home/luis/projects/udemy-completed-course-reactjs-01/src/components/Title/index.ts">
        <metrics statements="2" coveredstatements="2" conditionals="0" coveredconditionals="0" methods="0" coveredmethods="0"/>
        <line num="1" count="1" type="stmt"/>
        <line num="3" count="1" type="stmt"/>
      </file>
    </package>
    <package name="src.styles">
      <metrics statements="4" coveredstatements="4" conditionals="0" coveredconditionals="0" methods="0" coveredmethods="0"/>
      <file name="global.ts" path="/home/luis/projects/udemy-completed-course-reactjs-01/src/styles/global.ts">
        <metrics statements="2" coveredstatements="2" conditionals="0" coveredconditionals="0" methods="0" coveredmethods="0"/>
        <line num="1" count="1" type="stmt"/>
        <line num="3" count="1" type="stmt"/>
      </file>
      <file name="index.ts" path="/home/luis/projects/udemy-completed-course-reactjs-01/src/styles/index.ts">
        <metrics statements="2" coveredstatements="2" conditionals="0" coveredconditionals="0" methods="0" coveredmethods="0"/>
        <line num="1" count="4" type="stmt"/>
        <line num="3" count="4" type="stmt"/>
      </file>
    </package>
  </project>
</coverage>
