{"/home/luis/projects/udemy-completed-course-reactjs-01/src/components/Hero/index.tsx": {"path":"/home/luis/projects/udemy-completed-course-reactjs-01/src/components/Hero/index.tsx","statementMap":{"0":{"start":{"line":1,"column":0},"end":{"line":1,"column":25}},"1":{"start":{"line":2,"column":0},"end":{"line":2,"column":36}},"2":{"start":{"line":9,"column":20},"end":{"line":22,"column":1}},"3":{"start":{"line":10,"column":2},"end":{"line":21,"column":null}},"4":{"start":{"line":9,"column":13},"end":{"line":9,"column":20}}},"fnMap":{"0":{"name":"(anonymous_1)","decl":{"start":{"line":9,"column":20},"end":{"line":9,"column":21}},"loc":{"start":{"line":9,"column":60},"end":{"line":22,"column":1}}}},"branchMap":{"0":{"loc":{"start":{"line":9,"column":23},"end":{"line":9,"column":33}},"type":"default-arg","locations":[{"start":{"line":9,"column":31},"end":{"line":9,"column":33}}]}},"s":{"0":1,"1":1,"2":1,"3":2,"4":1},"f":{"0":2},"b":{"0":[0]}}
,"/home/luis/projects/udemy-completed-course-reactjs-01/src/components/Hero/styles.ts": {"path":"/home/luis/projects/udemy-completed-course-reactjs-01/src/components/Hero/styles.ts","statementMap":{"0":{"start":{"line":1,"column":0},"end":{"line":1,"column":37}},"1":{"start":{"line":3,"column":13},"end":{"line":39,"column":null}}},"fnMap":{},"branchMap":{},"s":{"0":1,"1":1},"f":{},"b":{}}
,"/home/luis/projects/udemy-completed-course-reactjs-01/src/styles/index.ts": {"path":"/home/luis/projects/udemy-completed-course-reactjs-01/src/styles/index.ts","statementMap":{"0":{"start":{"line":1,"column":0},"end":{"line":1,"column":48}},"1":{"start":{"line":3,"column":13},"end":{"line":11,"column":null}}},"fnMap":{},"branchMap":{},"s":{"0":1,"1":1},"f":{},"b":{}}
}
